0 info it worked if it ends with ok
1 verbose cli [ 'D:\\nodejs\\node.exe',
1 verbose cli   'D:\\nodejs\\node_modules\\npm\\bin\\npm-cli.js',
1 verbose cli   'install',
1 verbose cli   '--save',
1 verbose cli   'formidable' ]
2 info using npm@2.11.3
3 info using node@v0.12.7
4 verbose install initial load of D:\传智工作室\express\project\meadowlark\package.json
5 warn package.json meadowlark@1.0.0 No README data
6 verbose installManyTop reading scoped package data from D:\传智工作室\express\project\meadowlark\node_modules\body-parser\package.json
7 verbose installManyTop reading scoped package data from D:\传智工作室\express\project\meadowlark\node_modules\chai\package.json
8 verbose installManyTop reading scoped package data from D:\传智工作室\express\project\meadowlark\node_modules\express\package.json
9 verbose installManyTop reading scoped package data from D:\传智工作室\express\project\meadowlark\node_modules\express3-handlebars\package.json
10 verbose installManyTop reading scoped package data from D:\传智工作室\express\project\meadowlark\node_modules\grunt\package.json
11 verbose installManyTop reading scoped package data from D:\传智工作室\express\project\meadowlark\node_modules\grunt-cafe-mocha\package.json
12 verbose installManyTop reading scoped package data from D:\传智工作室\express\project\meadowlark\node_modules\grunt-contrib-jshint\package.json
13 verbose installManyTop reading scoped package data from D:\传智工作室\express\project\meadowlark\node_modules\grunt-contrib-nodeunit\package.json
14 verbose installManyTop reading scoped package data from D:\传智工作室\express\project\meadowlark\node_modules\grunt-contrib-uglify\package.json
15 verbose installManyTop reading scoped package data from D:\传智工作室\express\project\meadowlark\node_modules\grunt-exec\package.json
16 verbose installManyTop reading scoped package data from D:\传智工作室\express\project\meadowlark\node_modules\jquery\package.json
17 verbose installManyTop reading scoped package data from D:\传智工作室\express\project\meadowlark\node_modules\mocha\package.json
18 verbose installManyTop reading scoped package data from D:\传智工作室\express\project\meadowlark\node_modules\zombie\package.json
19 info package.json express3-handlebars@0.5.2 No license field.
20 info package.json grunt-cafe-mocha@0.1.13 No license field.
21 info package.json grunt-contrib-uglify@0.5.1 No license field.
22 info package.json grunt-exec@0.4.6 No license field.
23 info package.json grunt-contrib-nodeunit@0.4.1 No license field.
24 verbose readDependencies loading dependencies from D:\传智工作室\express\project\meadowlark\package.json
25 silly cache add args [ 'formidable', null ]
26 verbose cache add spec formidable
27 silly cache add parsed spec { raw: 'formidable',
27 silly cache add   scope: null,
27 silly cache add   name: 'formidable',
27 silly cache add   rawSpec: '',
27 silly cache add   spec: '*',
27 silly cache add   type: 'range' }
28 silly addNamed formidable@*
29 verbose addNamed "*" is a valid semver range for formidable
30 silly addNameRange { name: 'formidable', range: '*', hasData: false }
31 silly mapToRegistry name formidable
32 silly mapToRegistry using default registry
33 silly mapToRegistry registry https://registry.npmjs.org/
34 silly mapToRegistry uri https://registry.npmjs.org/formidable
35 verbose addNameRange registry:https://registry.npmjs.org/formidable not in flight; fetching
36 verbose request uri https://registry.npmjs.org/formidable
37 verbose request no auth needed
38 info attempt registry request try #1 at 15:17:07
39 verbose request id 3b3db23aef23f2d5
40 http request GET https://registry.npmjs.org/formidable
41 http 200 https://registry.npmjs.org/formidable
42 silly get cb [ 200,
42 silly get   { server: 'CouchDB/1.5.0 (Erlang OTP/R16B03)',
42 silly get     etag: '"830O5M24DXMV4UC3Q52C8WBXP"',
42 silly get     'content-type': 'application/json',
42 silly get     'content-encoding': 'gzip',
42 silly get     'cache-control': 'max-age=300',
42 silly get     'content-length': '10129',
42 silly get     'accept-ranges': 'bytes',
42 silly get     date: 'Mon, 13 Jun 2016 07:17:08 GMT',
42 silly get     via: '1.1 varnish',
42 silly get     age: '24',
42 silly get     connection: 'keep-alive',
42 silly get     'x-served-by': 'cache-sin6922-SIN',
42 silly get     'x-cache': 'HIT',
42 silly get     'x-cache-hits': '1',
42 silly get     'x-timer': 'S1465802228.894101,VS0,VE0',
42 silly get     vary: 'Accept-Encoding' } ]
43 verbose get saving formidable to C:\Users\simin\AppData\Roaming\npm-cache\registry.npmjs.org\formidable\.cache.json
44 silly addNameRange number 2 { name: 'formidable', range: '*', hasData: true }
45 silly addNameRange versions [ 'formidable',
45 silly addNameRange   [ '0.3.0',
45 silly addNameRange     '0.4.0',
45 silly addNameRange     '0.5.0',
45 silly addNameRange     '0.6.0',
45 silly addNameRange     '0.7.0',
45 silly addNameRange     '0.8.0',
45 silly addNameRange     '0.9.0',
45 silly addNameRange     '0.9.1',
45 silly addNameRange     '0.9.2',
45 silly addNameRange     '0.9.3',
45 silly addNameRange     '0.9.4',
45 silly addNameRange     '0.9.5',
45 silly addNameRange     '0.9.6',
45 silly addNameRange     '0.9.7',
45 silly addNameRange     '0.9.8',
45 silly addNameRange     '0.9.9',
45 silly addNameRange     '0.9.10',
45 silly addNameRange     '0.9.11',
45 silly addNameRange     '1.0.0',
45 silly addNameRange     '1.0.1',
45 silly addNameRange     '1.0.2',
45 silly addNameRange     '1.0.3',
45 silly addNameRange     '1.0.4',
45 silly addNameRange     '1.0.5',
45 silly addNameRange     '1.0.6',
45 silly addNameRange     '1.0.7',
45 silly addNameRange     '1.0.8',
45 silly addNameRange     '1.0.9',
45 silly addNameRange     '1.0.10',
45 silly addNameRange     '1.0.11',
45 silly addNameRange     '1.0.12',
45 silly addNameRange     '1.0.13',
45 silly addNameRange     '1.0.14',
45 silly addNameRange     '1.0.15',
45 silly addNameRange     '1.0.16',
45 silly addNameRange     '1.0.17' ] ]
46 silly addNamed formidable@1.0.17
47 verbose addNamed "1.0.17" is a plain semver version for formidable
48 silly mapToRegistry name formidable
49 silly mapToRegistry using default registry
50 silly mapToRegistry registry https://registry.npmjs.org/
51 silly mapToRegistry uri https://registry.npmjs.org/formidable
52 verbose addRemoteTarball https://registry.npmjs.org/formidable/-/formidable-1.0.17.tgz not in flight; adding
53 verbose addRemoteTarball [ 'https://registry.npmjs.org/formidable/-/formidable-1.0.17.tgz',
53 verbose addRemoteTarball   'ef5491490f9433b705faa77249c99029ae348559' ]
54 info retry fetch attempt 1 at 15:17:07
55 info attempt registry request try #1 at 15:17:07
56 http fetch GET https://registry.npmjs.org/formidable/-/formidable-1.0.17.tgz
57 http fetch 200 https://registry.npmjs.org/formidable/-/formidable-1.0.17.tgz
58 silly fetchAndShaCheck shasum ef5491490f9433b705faa77249c99029ae348559
59 verbose addTmpTarball C:\Users\simin\AppData\Local\Temp\npm-10120-a72e8811\registry.npmjs.org\formidable\-\formidable-1.0.17.tgz not in flight; adding
60 verbose addTmpTarball already have metadata; skipping unpack for formidable@1.0.17
61 silly cache afterAdd formidable@1.0.17
62 verbose afterAdd C:\Users\simin\AppData\Roaming\npm-cache\formidable\1.0.17\package\package.json not in flight; writing
63 verbose afterAdd C:\Users\simin\AppData\Roaming\npm-cache\formidable\1.0.17\package\package.json written
64 silly install resolved [ { name: 'formidable',
64 silly install resolved     description: 'A node.js module for parsing form data, especially file uploads.',
64 silly install resolved     homepage: 'https://github.com/felixge/node-formidable',
64 silly install resolved     version: '1.0.17',
64 silly install resolved     devDependencies:
64 silly install resolved      { gently: '0.8.0',
64 silly install resolved        findit: '0.1.1',
64 silly install resolved        hashish: '0.0.4',
64 silly install resolved        urun: '~0.0.6',
64 silly install resolved        utest: '0.0.3',
64 silly install resolved        request: '~2.11.4' },
64 silly install resolved     directories: { lib: './lib' },
64 silly install resolved     main: './lib/index',
64 silly install resolved     scripts: { test: 'node test/run.js', clean: 'rm test/tmp/*' },
64 silly install resolved     engines: { node: '>=0.8.0' },
64 silly install resolved     repository:
64 silly install resolved      { type: 'git',
64 silly install resolved        url: 'git://github.com/felixge/node-formidable.git' },
64 silly install resolved     bugs: { url: 'http://github.com/felixge/node-formidable/issues' },
64 silly install resolved     optionalDependencies: {},
64 silly install resolved     dependencies: {},
64 silly install resolved     _id: 'formidable@1.0.17',
64 silly install resolved     dist:
64 silly install resolved      { shasum: 'ef5491490f9433b705faa77249c99029ae348559',
64 silly install resolved        tarball: 'https://registry.npmjs.org/formidable/-/formidable-1.0.17.tgz' },
64 silly install resolved     _from: 'formidable@*',
64 silly install resolved     _npmVersion: '1.4.3',
64 silly install resolved     _npmUser: { name: 'felixge', email: 'felix@debuggable.com' },
64 silly install resolved     maintainers: [ [Object], [Object], [Object], [Object] ],
64 silly install resolved     _shasum: 'ef5491490f9433b705faa77249c99029ae348559',
64 silly install resolved     _resolved: 'https://registry.npmjs.org/formidable/-/formidable-1.0.17.tgz' } ]
65 info install formidable@1.0.17 into D:\传智工作室\express\project\meadowlark
66 info installOne formidable@1.0.17
67 verbose installOne of formidable to D:\传智工作室\express\project\meadowlark not in flight; installing
68 verbose lock using C:\Users\simin\AppData\Roaming\npm-cache\_locks\formidable-44cf278a62cd0257.lock for D:\传智工作室\express\project\meadowlark\node_modules\formidable
69 silly install write writing formidable 1.0.17 to D:\传智工作室\express\project\meadowlark\node_modules\formidable
70 verbose unbuild node_modules\formidable
71 silly gentlyRm D:\传智工作室\express\project\meadowlark\node_modules\formidable is being purged from base D:\传智工作室\express\project\meadowlark
72 verbose gentlyRm don't care about contents; nuking D:\传智工作室\express\project\meadowlark\node_modules\formidable
73 verbose tar unpack C:\Users\simin\AppData\Roaming\npm-cache\formidable\1.0.17\package.tgz
74 verbose tar unpacking to D:\传智工作室\express\project\meadowlark\node_modules\formidable
75 silly gentlyRm D:\传智工作室\express\project\meadowlark\node_modules\formidable is being purged
76 verbose gentlyRm don't care about contents; nuking D:\传智工作室\express\project\meadowlark\node_modules\formidable
77 silly gunzTarPerm modes [ '777', '666' ]
78 silly gunzTarPerm extractEntry package.json
79 silly gunzTarPerm modified mode [ 'package.json', 420, 438 ]
80 silly gunzTarPerm extractEntry .npmignore
81 silly gunzTarPerm modified mode [ '.npmignore', 420, 438 ]
82 silly gunzTarPerm extractEntry LICENSE
83 silly gunzTarPerm modified mode [ 'LICENSE', 420, 438 ]
84 silly gunzTarPerm extractEntry index.js
85 silly gunzTarPerm modified mode [ 'index.js', 420, 438 ]
86 silly gunzTarPerm extractEntry .travis.yml
87 silly gunzTarPerm modified mode [ '.travis.yml', 420, 438 ]
88 silly gunzTarPerm extractEntry Readme.md
89 silly gunzTarPerm modified mode [ 'Readme.md', 420, 438 ]
90 silly gunzTarPerm extractEntry lib/file.js
91 silly gunzTarPerm modified mode [ 'lib/file.js', 420, 438 ]
92 silly gunzTarPerm extractEntry lib/incoming_form.js
93 silly gunzTarPerm modified mode [ 'lib/incoming_form.js', 420, 438 ]
94 silly gunzTarPerm extractEntry lib/index.js
95 silly gunzTarPerm modified mode [ 'lib/index.js', 420, 438 ]
96 silly gunzTarPerm extractEntry lib/json_parser.js
97 silly gunzTarPerm modified mode [ 'lib/json_parser.js', 420, 438 ]
98 silly gunzTarPerm extractEntry lib/multipart_parser.js
99 silly gunzTarPerm modified mode [ 'lib/multipart_parser.js', 420, 438 ]
100 silly gunzTarPerm extractEntry lib/octet_parser.js
101 silly gunzTarPerm modified mode [ 'lib/octet_parser.js', 420, 438 ]
102 silly gunzTarPerm extractEntry lib/querystring_parser.js
103 silly gunzTarPerm modified mode [ 'lib/querystring_parser.js', 420, 438 ]
104 verbose write writing to D:\传智工作室\express\project\meadowlark\node_modules\formidable\package.json
105 info preinstall formidable@1.0.17
106 verbose readDependencies loading dependencies from D:\传智工作室\express\project\meadowlark\node_modules\formidable\package.json
107 verbose readDependencies loading dependencies from D:\传智工作室\express\project\meadowlark\node_modules\formidable\package.json
108 silly install resolved []
109 verbose about to build D:\传智工作室\express\project\meadowlark\node_modules\formidable
110 info build D:\传智工作室\express\project\meadowlark\node_modules\formidable
111 info linkStuff formidable@1.0.17
112 silly linkStuff formidable@1.0.17 has D:\传智工作室\express\project\meadowlark\node_modules as its parent node_modules
113 verbose linkBins formidable@1.0.17
114 verbose linkMans formidable@1.0.17
115 verbose rebuildBundles formidable@1.0.17
116 info install formidable@1.0.17
117 info postinstall formidable@1.0.17
118 verbose unlock done using C:\Users\simin\AppData\Roaming\npm-cache\_locks\formidable-44cf278a62cd0257.lock for D:\传智工作室\express\project\meadowlark\node_modules\formidable
119 verbose validateInstall loading D:\传智工作室\express\project\meadowlark\package.json for validation
120 verbose stack Error: The package grunt does not satisfy its siblings' peerDependencies requirements!
120 verbose stack     at D:\nodejs\node_modules\npm\lib\install.js:125:32
120 verbose stack     at D:\nodejs\node_modules\npm\lib\install.js:267:7
120 verbose stack     at D:\nodejs\node_modules\npm\node_modules\read-installed\read-installed.js:138:5
120 verbose stack     at D:\nodejs\node_modules\npm\node_modules\read-installed\read-installed.js:251:14
120 verbose stack     at cb (D:\nodejs\node_modules\npm\node_modules\slide\lib\async-map.js:47:24)
120 verbose stack     at D:\nodejs\node_modules\npm\node_modules\read-installed\read-installed.js:251:14
120 verbose stack     at cb (D:\nodejs\node_modules\npm\node_modules\slide\lib\async-map.js:47:24)
120 verbose stack     at D:\nodejs\node_modules\npm\node_modules\read-installed\read-installed.js:251:14
120 verbose stack     at cb (D:\nodejs\node_modules\npm\node_modules\slide\lib\async-map.js:47:24)
120 verbose stack     at D:\nodejs\node_modules\npm\node_modules\read-installed\read-installed.js:251:14
121 verbose cwd D:\传智工作室\express\project\meadowlark
122 error Windows_NT 6.3.9600
123 error argv "D:\\nodejs\\node.exe" "D:\\nodejs\\node_modules\\npm\\bin\\npm-cli.js" "install" "--save" "formidable"
124 error node v0.12.7
125 error npm  v2.11.3
126 error code EPEERINVALID
127 error peerinvalid The package grunt does not satisfy its siblings' peerDependencies requirements!
127 error peerinvalid Peer grunt-exec@0.4.6 wants grunt@~0.4
127 error peerinvalid Peer grunt-cafe-mocha@0.1.13 wants grunt@~0.4.1
127 error peerinvalid Peer grunt-contrib-jshint@1.0.0 wants grunt@>=0.4.0
127 error peerinvalid Peer grunt-contrib-nodeunit@0.4.1 wants grunt@~0.4.0
127 error peerinvalid Peer grunt-contrib-uglify@0.5.1 wants grunt@~0.4.0
128 verbose exit [ 1, true ]
